2021-09-13 09:27:27,797 [Worker-4: Loading available Gradle versions] INFO  o.e.b.c.i.u.g.PublishedGradleVersions - Gradle version information cache is out-of-date. Trying to update.
2021-09-13 09:28:42,662 [Worker-7: Updating Maven Dependencies] INFO  o.e.m.c.i.l.LifecycleMappingFactory - Using org.eclipse.m2e.jdt.JarLifecycleMapping lifecycle mapping for MavenProject: io.arioflow:arioflow-gateway:0.0.1-SNAPSHOT @ C:\Projects\afe\workspace\arioflow-gateway\pom.xml.
2021-09-13 09:28:44,335 [Worker-9: Building] INFO  o.e.m.c.i.l.LifecycleMappingFactory - Using org.eclipse.m2e.jdt.JarLifecycleMapping lifecycle mapping for MavenProject: io.arioflow:arioflow-gateway:0.0.1-SNAPSHOT @ C:\Projects\afe\workspace\arioflow-gateway\pom.xml.
2021-09-13 09:28:47,140 [DefaultMetadataResolver-0-0] INFO  o.e.m.c.i.e.AbstractTransferListenerAdapter - Downloaded http://central.maven.org/maven2/com/arioflow/common/arioflow-common-dto/0.0.2-SNAPSHOT/maven-metadata.xml
2021-09-13 09:28:47,140 [DefaultMetadataResolver-1-0] INFO  o.e.m.c.i.e.AbstractTransferListenerAdapter - Downloaded http://central.maven.org/maven2/com/arioflow/common/arioflow-common-dto/0.0.2-SNAPSHOT/maven-metadata.xml
2021-09-13 09:28:47,824 [DefaultMetadataResolver-1-1] INFO  o.e.m.c.i.e.AbstractTransferListenerAdapter - Downloaded http://archiva.arioflow.io:8380/repository/arioflow/com/arioflow/common/arioflow-common-dto/0.0.2-SNAPSHOT/maven-metadata.xml
2021-09-13 09:28:47,832 [DefaultMetadataResolver-0-1] INFO  o.e.m.c.i.e.AbstractTransferListenerAdapter - Downloaded http://archiva.arioflow.io:8380/repository/arioflow/com/arioflow/common/arioflow-common-dto/0.0.2-SNAPSHOT/maven-metadata.xml
2021-09-13 09:28:47,838 [Worker-7: Updating Maven Dependencies] WARN  o.e.m.c.i.embedder.EclipseLogger - Could not transfer metadata com.arioflow.common:arioflow-common-dto:0.0.2-SNAPSHOT/maven-metadata.xml from/to maven-central (http://central.maven.org/maven2/): central.maven.org
2021-09-13 09:28:47,851 [Worker-7: Updating Maven Dependencies] WARN  o.e.m.c.i.embedder.EclipseLogger - com.arioflow.common:arioflow-common-dto:0.0.2-SNAPSHOT/maven-metadata.xmlfailed to transfer from http://central.maven.org/maven2/ during a previous attempt. This failure was cached in the local repository and resolution will not be reattempted until the update interval of maven-central has elapsed or updates are forced. Original error: Could not transfer metadata com.arioflow.common:arioflow-common-dto:0.0.2-SNAPSHOT/maven-metadata.xml from/to maven-central (http://central.maven.org/maven2/): central.maven.org
2021-09-13 09:28:47,852 [Worker-9: Building] WARN  o.e.m.c.i.embedder.EclipseLogger - Could not transfer metadata com.arioflow.common:arioflow-common-dto:0.0.2-SNAPSHOT/maven-metadata.xml from/to maven-central (http://central.maven.org/maven2/): central.maven.org
2021-09-13 09:28:47,862 [Worker-9: Building] WARN  o.e.m.c.i.embedder.EclipseLogger - com.arioflow.common:arioflow-common-dto:0.0.2-SNAPSHOT/maven-metadata.xmlfailed to transfer from http://central.maven.org/maven2/ during a previous attempt. This failure was cached in the local repository and resolution will not be reattempted until the update interval of maven-central has elapsed or updates are forced. Original error: Could not transfer metadata com.arioflow.common:arioflow-common-dto:0.0.2-SNAPSHOT/maven-metadata.xml from/to maven-central (http://central.maven.org/maven2/): central.maven.org
2021-09-13 09:28:47,870 [Worker-9: Building] INFO  o.e.m.c.i.e.AbstractTransferListenerAdapter - Downloaded http://central.maven.org/maven2/com/arioflow/common/arioflow-common-dto/0.0.2-SNAPSHOT/arioflow-common-dto-0.0.2-SNAPSHOT.pom
2021-09-13 09:28:47,870 [Worker-7: Updating Maven Dependencies] INFO  o.e.m.c.i.e.AbstractTransferListenerAdapter - Downloaded http://central.maven.org/maven2/com/arioflow/common/arioflow-common-dto/0.0.2-SNAPSHOT/arioflow-common-dto-0.0.2-SNAPSHOT.pom
2021-09-13 09:28:47,954 [Worker-9: Building] INFO  o.e.m.c.i.e.AbstractTransferListenerAdapter - Downloaded http://archiva.arioflow.io:8380/repository/arioflow/com/arioflow/common/arioflow-common-dto/0.0.2-SNAPSHOT/arioflow-common-dto-0.0.2-SNAPSHOT.pom
2021-09-13 09:28:47,955 [Worker-7: Updating Maven Dependencies] INFO  o.e.m.c.i.e.AbstractTransferListenerAdapter - Downloaded http://archiva.arioflow.io:8380/repository/arioflow/com/arioflow/common/arioflow-common-dto/0.0.2-SNAPSHOT/arioflow-common-dto-0.0.2-SNAPSHOT.pom
2021-09-13 09:28:55,730 [Worker-1: Download sources and javadoc] WARN  o.e.m.c.i.embedder.EclipseLogger - com.arioflow.common:arioflow-common-dto:0.0.2-SNAPSHOT/maven-metadata.xmlfailed to transfer from http://central.maven.org/maven2/ during a previous attempt. This failure was cached in the local repository and resolution will not be reattempted until the update interval of maven-central has elapsed or updates are forced. Original error: Could not transfer metadata com.arioflow.common:arioflow-common-dto:0.0.2-SNAPSHOT/maven-metadata.xml from/to maven-central (http://central.maven.org/maven2/): central.maven.org
2021-09-13 09:28:55,733 [Worker-1: Download sources and javadoc] WARN  o.e.m.c.i.embedder.EclipseLogger - com.arioflow.common:arioflow-common-dto:0.0.2-SNAPSHOT/maven-metadata.xmlfailed to transfer from http://central.maven.org/maven2/ during a previous attempt. This failure was cached in the local repository and resolution will not be reattempted until the update interval of maven-central has elapsed or updates are forced. Original error: Could not transfer metadata com.arioflow.common:arioflow-common-dto:0.0.2-SNAPSHOT/maven-metadata.xml from/to maven-central (http://central.maven.org/maven2/): central.maven.org
2021-09-13 09:28:55,766 [Worker-1: Download sources and javadoc] WARN  o.e.m.c.i.embedder.EclipseLogger - com.arioflow.common:arioflow-common-dto:0.0.2-SNAPSHOT/maven-metadata.xmlfailed to transfer from http://central.maven.org/maven2/ during a previous attempt. This failure was cached in the local repository and resolution will not be reattempted until the update interval of maven-central has elapsed or updates are forced. Original error: Could not transfer metadata com.arioflow.common:arioflow-common-dto:0.0.2-SNAPSHOT/maven-metadata.xml from/to maven-central (http://central.maven.org/maven2/): central.maven.org
2021-09-13 09:28:55,801 [Worker-1: Download sources and javadoc] INFO  o.e.m.c.i.e.AbstractTransferListenerAdapter - Downloaded http://central.maven.org/maven2/com/arioflow/common/arioflow-common-dto/0.0.2-SNAPSHOT/arioflow-common-dto-0.0.2-SNAPSHOT-sources.jar
2021-09-13 09:28:55,966 [Worker-1: Download sources and javadoc] INFO  o.e.m.c.i.e.AbstractTransferListenerAdapter - Downloaded http://archiva.arioflow.io:8380/repository/arioflow/com/arioflow/common/arioflow-common-dto/0.0.2-SNAPSHOT/arioflow-common-dto-0.0.2-SNAPSHOT-sources.jar
2021-09-13 09:28:55,974 [Worker-1: Download sources and javadoc] ERROR o.e.m.j.internal.DownloadSourcesJob - Could not download sources for com.arioflow.common:arioflow-common-dto:0.0.2-SNAPSHOT
org.eclipse.core.runtime.CoreException: Could not resolve artifact com.arioflow.common:arioflow-common-dto:jar:sources:0.0.2-SNAPSHOT
	at org.eclipse.m2e.core.internal.embedder.MavenImpl.lambda$4(MavenImpl.java:804)
	at org.eclipse.m2e.core.internal.embedder.MavenExecutionContext.executeBare(MavenExecutionContext.java:179)
	at org.eclipse.m2e.core.internal.embedder.MavenExecutionContext.execute(MavenExecutionContext.java:114)
	at org.eclipse.m2e.core.internal.embedder.MavenExecutionContext.execute(MavenExecutionContext.java:101)
	at org.eclipse.m2e.core.internal.embedder.MavenImpl.resolve(MavenImpl.java:772)
	at org.eclipse.m2e.core.internal.embedder.MavenImpl.resolve(MavenImpl.java:749)
	at org.eclipse.m2e.jdt.internal.DownloadSourcesJob.download(DownloadSourcesJob.java:330)
	at org.eclipse.m2e.jdt.internal.DownloadSourcesJob.downloadAttachments(DownloadSourcesJob.java:304)
	at org.eclipse.m2e.jdt.internal.DownloadSourcesJob.downloadMaven(DownloadSourcesJob.java:269)
	at org.eclipse.m2e.jdt.internal.DownloadSourcesJob.downloadFilesAndPopulateToUpdate(DownloadSourcesJob.java:233)
	at org.eclipse.m2e.jdt.internal.DownloadSourcesJob.lambda$0(DownloadSourcesJob.java:161)
	at org.eclipse.m2e.core.internal.embedder.MavenExecutionContext.executeBare(MavenExecutionContext.java:179)
	at org.eclipse.m2e.core.internal.embedder.MavenExecutionContext.execute(MavenExecutionContext.java:153)
	at org.eclipse.m2e.core.internal.embedder.MavenExecutionContext.execute(MavenExecutionContext.java:101)
	at org.eclipse.m2e.core.internal.embedder.MavenImpl.execute(MavenImpl.java:1374)
	at org.eclipse.m2e.jdt.internal.DownloadSourcesJob.run(DownloadSourcesJob.java:161)
	at org.eclipse.core.internal.jobs.Worker.run(Worker.java:63)
2021-09-13 09:28:57,608 [Worker-9: Building] INFO  o.e.m.c.i.embedder.EclipseLogger - Using 'UTF-8' encoding to copy filtered resources.
2021-09-13 09:28:57,609 [Worker-9: Building] INFO  o.e.m.c.i.embedder.EclipseLogger - Using 'UTF-8' encoding to copy filtered properties files.
2021-09-13 09:28:57,617 [Worker-9: Building] INFO  o.e.m.c.i.embedder.EclipseLogger - Copying 1 resource
2021-09-13 09:28:57,667 [Worker-9: Building] INFO  o.e.m.c.i.embedder.EclipseLogger - Copying 2 resources
2021-09-13 09:28:57,697 [Worker-9: Building] INFO  o.e.m.c.i.embedder.EclipseLogger - Using 'UTF-8' encoding to copy filtered resources.
2021-09-13 09:28:57,697 [Worker-9: Building] INFO  o.e.m.c.i.embedder.EclipseLogger - Using 'UTF-8' encoding to copy filtered properties files.
2021-09-13 09:28:57,697 [Worker-9: Building] INFO  o.e.m.c.i.embedder.EclipseLogger - skip non existing resourceDirectory C:\Projects\afe\workspace\arioflow-gateway\src\test\resources
2021-09-13 09:28:59,981 [Worker-3: Updating Maven Dependencies] INFO  o.e.m.c.i.l.LifecycleMappingFactory - Using org.eclipse.m2e.jdt.JarLifecycleMapping lifecycle mapping for MavenProject: io.arioflow:arioflow-gateway:0.0.1-SNAPSHOT @ C:\Projects\afe\workspace\arioflow-gateway\pom.xml.
2021-09-13 09:29:00,302 [Worker-3: Updating Maven Dependencies] WARN  o.e.m.c.i.embedder.EclipseLogger - com.arioflow.common:arioflow-common-dto:0.0.2-SNAPSHOT/maven-metadata.xmlfailed to transfer from http://central.maven.org/maven2/ during a previous attempt. This failure was cached in the local repository and resolution will not be reattempted until the update interval of maven-central has elapsed or updates are forced. Original error: Could not transfer metadata com.arioflow.common:arioflow-common-dto:0.0.2-SNAPSHOT/maven-metadata.xml from/to maven-central (http://central.maven.org/maven2/): central.maven.org
2021-09-13 09:29:00,306 [Worker-3: Updating Maven Dependencies] WARN  o.e.m.c.i.embedder.EclipseLogger - com.arioflow.common:arioflow-common-dto:0.0.2-SNAPSHOT/maven-metadata.xmlfailed to transfer from http://central.maven.org/maven2/ during a previous attempt. This failure was cached in the local repository and resolution will not be reattempted until the update interval of maven-central has elapsed or updates are forced. Original error: Could not transfer metadata com.arioflow.common:arioflow-common-dto:0.0.2-SNAPSHOT/maven-metadata.xml from/to maven-central (http://central.maven.org/maven2/): central.maven.org
2021-09-13 09:29:04,559 [Worker-7: Download sources and javadoc] WARN  o.e.m.c.i.embedder.EclipseLogger - com.arioflow.common:arioflow-common-dto:0.0.2-SNAPSHOT/maven-metadata.xmlfailed to transfer from http://central.maven.org/maven2/ during a previous attempt. This failure was cached in the local repository and resolution will not be reattempted until the update interval of maven-central has elapsed or updates are forced. Original error: Could not transfer metadata com.arioflow.common:arioflow-common-dto:0.0.2-SNAPSHOT/maven-metadata.xml from/to maven-central (http://central.maven.org/maven2/): central.maven.org
2021-09-13 09:29:04,563 [Worker-7: Download sources and javadoc] WARN  o.e.m.c.i.embedder.EclipseLogger - com.arioflow.common:arioflow-common-dto:0.0.2-SNAPSHOT/maven-metadata.xmlfailed to transfer from http://central.maven.org/maven2/ during a previous attempt. This failure was cached in the local repository and resolution will not be reattempted until the update interval of maven-central has elapsed or updates are forced. Original error: Could not transfer metadata com.arioflow.common:arioflow-common-dto:0.0.2-SNAPSHOT/maven-metadata.xml from/to maven-central (http://central.maven.org/maven2/): central.maven.org
2021-09-13 09:29:04,594 [Worker-7: Download sources and javadoc] WARN  o.e.m.c.i.embedder.EclipseLogger - com.arioflow.common:arioflow-common-dto:0.0.2-SNAPSHOT/maven-metadata.xmlfailed to transfer from http://central.maven.org/maven2/ during a previous attempt. This failure was cached in the local repository and resolution will not be reattempted until the update interval of maven-central has elapsed or updates are forced. Original error: Could not transfer metadata com.arioflow.common:arioflow-common-dto:0.0.2-SNAPSHOT/maven-metadata.xml from/to maven-central (http://central.maven.org/maven2/): central.maven.org
2021-09-13 09:29:04,629 [Worker-7: Download sources and javadoc] INFO  o.e.m.c.i.e.AbstractTransferListenerAdapter - Downloaded http://central.maven.org/maven2/com/arioflow/common/arioflow-common-dto/0.0.2-SNAPSHOT/arioflow-common-dto-0.0.2-SNAPSHOT-javadoc.jar
2021-09-13 09:29:04,753 [Worker-7: Download sources and javadoc] INFO  o.e.m.c.i.e.AbstractTransferListenerAdapter - Downloaded http://archiva.arioflow.io:8380/repository/arioflow/com/arioflow/common/arioflow-common-dto/0.0.2-SNAPSHOT/arioflow-common-dto-0.0.2-SNAPSHOT-javadoc.jar
2021-09-13 09:29:04,756 [Worker-7: Download sources and javadoc] ERROR o.e.m.j.internal.DownloadSourcesJob - Could not download javadoc for com.arioflow.common:arioflow-common-dto:0.0.2-SNAPSHOT
org.eclipse.core.runtime.CoreException: Could not resolve artifact com.arioflow.common:arioflow-common-dto:jar:javadoc:0.0.2-SNAPSHOT
	at org.eclipse.m2e.core.internal.embedder.MavenImpl.lambda$4(MavenImpl.java:804)
	at org.eclipse.m2e.core.internal.embedder.MavenExecutionContext.executeBare(MavenExecutionContext.java:179)
	at org.eclipse.m2e.core.internal.embedder.MavenExecutionContext.execute(MavenExecutionContext.java:114)
	at org.eclipse.m2e.core.internal.embedder.MavenExecutionContext.execute(MavenExecutionContext.java:101)
	at org.eclipse.m2e.core.internal.embedder.MavenImpl.resolve(MavenImpl.java:772)
	at org.eclipse.m2e.core.internal.embedder.MavenImpl.resolve(MavenImpl.java:749)
	at org.eclipse.m2e.jdt.internal.DownloadSourcesJob.download(DownloadSourcesJob.java:330)
	at org.eclipse.m2e.jdt.internal.DownloadSourcesJob.downloadAttachments(DownloadSourcesJob.java:316)
	at org.eclipse.m2e.jdt.internal.DownloadSourcesJob.downloadMaven(DownloadSourcesJob.java:269)
	at org.eclipse.m2e.jdt.internal.DownloadSourcesJob.downloadFilesAndPopulateToUpdate(DownloadSourcesJob.java:233)
	at org.eclipse.m2e.jdt.internal.DownloadSourcesJob.lambda$0(DownloadSourcesJob.java:161)
	at org.eclipse.m2e.core.internal.embedder.MavenExecutionContext.executeBare(MavenExecutionContext.java:179)
	at org.eclipse.m2e.core.internal.embedder.MavenExecutionContext.execute(MavenExecutionContext.java:153)
	at org.eclipse.m2e.core.internal.embedder.MavenExecutionContext.execute(MavenExecutionContext.java:101)
	at org.eclipse.m2e.core.internal.embedder.MavenImpl.execute(MavenImpl.java:1374)
	at org.eclipse.m2e.jdt.internal.DownloadSourcesJob.run(DownloadSourcesJob.java:161)
	at org.eclipse.core.internal.jobs.Worker.run(Worker.java:63)
2021-09-13 09:29:14,261 [Worker-7: Building] INFO  o.e.m.c.i.embedder.EclipseLogger - Using 'UTF-8' encoding to copy filtered resources.
2021-09-13 09:29:14,261 [Worker-7: Building] INFO  o.e.m.c.i.embedder.EclipseLogger - Using 'UTF-8' encoding to copy filtered properties files.
2021-09-13 09:29:14,279 [Worker-7: Building] INFO  o.e.m.c.i.embedder.EclipseLogger - Copying 1 resource
2021-09-13 09:29:14,357 [Worker-7: Building] INFO  o.e.m.c.i.embedder.EclipseLogger - Copying 2 resources
2021-09-13 09:29:14,383 [Worker-7: Building] INFO  o.e.m.c.i.embedder.EclipseLogger - Using 'UTF-8' encoding to copy filtered resources.
2021-09-13 09:29:14,384 [Worker-7: Building] INFO  o.e.m.c.i.embedder.EclipseLogger - Using 'UTF-8' encoding to copy filtered properties files.
2021-09-13 09:29:14,384 [Worker-7: Building] INFO  o.e.m.c.i.embedder.EclipseLogger - skip non existing resourceDirectory C:\Projects\afe\workspace\arioflow-gateway\src\test\resources
2021-09-13 09:29:21,883 [Worker-9: Building] INFO  o.e.m.c.i.l.LifecycleMappingFactory - Using org.eclipse.m2e.jdt.JarLifecycleMapping lifecycle mapping for MavenProject: com.arioflow.core:arioflow-common:1.0.0-SNAPSHOT @ C:\Projects\afe\workspace\common\pom.xml.
2021-09-13 09:29:22,757 [Worker-9: Building] WARN  o.e.m.c.i.embedder.EclipseLogger - The POM for com.sun.xml.bind:jaxb-impl:jar:2.2.11 is invalid, transitive dependencies (if any) will not be available, enable debug logging for more details
2021-09-13 09:29:22,793 [Worker-9: Building] WARN  o.e.m.c.i.embedder.EclipseLogger - The POM for com.sun.xml.bind:jaxb-core:jar:2.2.11 is invalid, transitive dependencies (if any) will not be available, enable debug logging for more details
2021-09-13 09:29:25,157 [Worker-9: Building] WARN  o.e.m.c.i.embedder.EclipseLogger - commons-codec:commons-codec/maven-metadata.xmlfailed to transfer from http://central.maven.org/maven2/ during a previous attempt. This failure was cached in the local repository and resolution will not be reattempted until the update interval of maven-central has elapsed or updates are forced. Original error: Could not transfer metadata commons-codec:commons-codec/maven-metadata.xml from/to maven-central (http://central.maven.org/maven2/): central.maven.org
2021-09-13 09:29:25,854 [Worker-9: Building] WARN  o.e.m.c.i.embedder.EclipseLogger - org.springframework:spring-context/maven-metadata.xmlfailed to transfer from http://central.maven.org/maven2/ during a previous attempt. This failure was cached in the local repository and resolution will not be reattempted until the update interval of maven-central has elapsed or updates are forced. Original error: Could not transfer metadata org.springframework:spring-context/maven-metadata.xml from/to maven-central (http://central.maven.org/maven2/): central.maven.org
2021-09-13 09:29:34,915 [Worker-9: Building] WARN  o.e.m.c.i.embedder.EclipseLogger - com.google.code.gson:gson/maven-metadata.xmlfailed to transfer from http://central.maven.org/maven2/ during a previous attempt. This failure was cached in the local repository and resolution will not be reattempted until the update interval of maven-central has elapsed or updates are forced. Original error: Could not transfer metadata com.google.code.gson:gson/maven-metadata.xml from/to maven-central (http://central.maven.org/maven2/): central.maven.org
2021-09-13 09:29:39,745 [Worker-9: Building] INFO  o.e.m.c.i.embedder.EclipseLogger - Using 'UTF-8' encoding to copy filtered resources.
2021-09-13 09:29:39,750 [Worker-9: Building] INFO  o.e.m.c.i.embedder.EclipseLogger - Copying 4 resources
2021-09-13 09:29:39,783 [Worker-9: Building] INFO  o.e.m.c.i.embedder.EclipseLogger - Using 'UTF-8' encoding to copy filtered resources.
2021-09-13 09:29:39,783 [Worker-9: Building] INFO  o.e.m.c.i.embedder.EclipseLogger - Copying 1 resource
2021-09-13 09:29:44,224 [Worker-11: Building] WARN  o.e.m.c.i.embedder.EclipseLogger - The POM for com.sun.xml.bind:jaxb-impl:jar:2.2.11 is invalid, transitive dependencies (if any) will not be available, enable debug logging for more details
2021-09-13 09:29:44,232 [Worker-11: Building] WARN  o.e.m.c.i.embedder.EclipseLogger - The POM for com.sun.xml.bind:jaxb-core:jar:2.2.11 is invalid, transitive dependencies (if any) will not be available, enable debug logging for more details
2021-09-13 09:29:44,544 [Worker-11: Building] WARN  o.e.m.c.i.embedder.EclipseLogger - commons-codec:commons-codec/maven-metadata.xmlfailed to transfer from http://central.maven.org/maven2/ during a previous attempt. This failure was cached in the local repository and resolution will not be reattempted until the update interval of maven-central has elapsed or updates are forced. Original error: Could not transfer metadata commons-codec:commons-codec/maven-metadata.xml from/to maven-central (http://central.maven.org/maven2/): central.maven.org
2021-09-13 09:29:44,675 [Worker-11: Building] WARN  o.e.m.c.i.embedder.EclipseLogger - org.springframework:spring-context/maven-metadata.xmlfailed to transfer from http://central.maven.org/maven2/ during a previous attempt. This failure was cached in the local repository and resolution will not be reattempted until the update interval of maven-central has elapsed or updates are forced. Original error: Could not transfer metadata org.springframework:spring-context/maven-metadata.xml from/to maven-central (http://central.maven.org/maven2/): central.maven.org
2021-09-13 09:29:45,569 [Worker-11: Building] WARN  o.e.m.c.i.embedder.EclipseLogger - com.google.code.gson:gson/maven-metadata.xmlfailed to transfer from http://central.maven.org/maven2/ during a previous attempt. This failure was cached in the local repository and resolution will not be reattempted until the update interval of maven-central has elapsed or updates are forced. Original error: Could not transfer metadata com.google.code.gson:gson/maven-metadata.xml from/to maven-central (http://central.maven.org/maven2/): central.maven.org
2021-09-13 09:29:45,794 [Worker-11: Building] INFO  o.e.m.c.i.embedder.EclipseLogger - Using 'UTF-8' encoding to copy filtered resources.
2021-09-13 09:29:45,829 [Worker-11: Building] INFO  o.e.m.c.i.embedder.EclipseLogger - Copying 4 resources
2021-09-13 09:29:45,845 [Worker-11: Building] INFO  o.e.m.c.i.embedder.EclipseLogger - Using 'UTF-8' encoding to copy filtered resources.
2021-09-13 09:29:45,849 [Worker-11: Building] INFO  o.e.m.c.i.embedder.EclipseLogger - Copying 1 resource
2021-09-13 09:29:46,166 [Worker-11: Building] INFO  o.e.m.c.i.l.LifecycleMappingFactory - Using org.eclipse.m2e.jdt.JarLifecycleMapping lifecycle mapping for MavenProject: com.arioflow.common:arioflow-common-dto:0.0.2-SNAPSHOT @ C:\Projects\afe\workspace\front-afm-dto\pom.xml.
2021-09-13 09:29:46,358 [Worker-11: Building] WARN  o.e.m.c.i.embedder.EclipseLogger - com.fasterxml.jackson.core:jackson-annotations/maven-metadata.xmlfailed to transfer from http://central.maven.org/maven2/ during a previous attempt. This failure was cached in the local repository and resolution will not be reattempted until the update interval of maven-central has elapsed or updates are forced. Original error: Could not transfer metadata com.fasterxml.jackson.core:jackson-annotations/maven-metadata.xml from/to maven-central (http://central.maven.org/maven2/): central.maven.org
2021-09-13 09:29:46,633 [Worker-11: Building] WARN  o.e.m.c.i.embedder.EclipseLogger - com.fasterxml.jackson.core:jackson-annotations:2.6.0-rc3-SNAPSHOT/maven-metadata.xmlfailed to transfer from http://central.maven.org/maven2/ during a previous attempt. This failure was cached in the local repository and resolution will not be reattempted until the update interval of maven-central has elapsed or updates are forced. Original error: Could not transfer metadata com.fasterxml.jackson.core:jackson-annotations:2.6.0-rc3-SNAPSHOT/maven-metadata.xml from/to maven-central (http://central.maven.org/maven2/): central.maven.org
2021-09-13 09:29:46,661 [Worker-11: Building] WARN  o.e.m.c.i.embedder.EclipseLogger - com.fasterxml.jackson.core:jackson-annotations:2.6.0-rc3-SNAPSHOT/maven-metadata.xmlfailed to transfer from http://central.maven.org/maven2/ during a previous attempt. This failure was cached in the local repository and resolution will not be reattempted until the update interval of maven-central has elapsed or updates are forced. Original error: Could not transfer metadata com.fasterxml.jackson.core:jackson-annotations:2.6.0-rc3-SNAPSHOT/maven-metadata.xml from/to maven-central (http://central.maven.org/maven2/): central.maven.org
2021-09-13 09:29:46,874 [Worker-11: Building] WARN  o.e.m.c.i.embedder.EclipseLogger - com.fasterxml.jackson.core:jackson-annotations:2.6.0-SNAPSHOT/maven-metadata.xmlfailed to transfer from http://central.maven.org/maven2/ during a previous attempt. This failure was cached in the local repository and resolution will not be reattempted until the update interval of maven-central has elapsed or updates are forced. Original error: Could not transfer metadata com.fasterxml.jackson.core:jackson-annotations:2.6.0-SNAPSHOT/maven-metadata.xml from/to maven-central (http://central.maven.org/maven2/): central.maven.org
2021-09-13 09:29:46,901 [Worker-11: Building] WARN  o.e.m.c.i.embedder.EclipseLogger - com.fasterxml.jackson.core:jackson-annotations:2.6.0-SNAPSHOT/maven-metadata.xmlfailed to transfer from http://central.maven.org/maven2/ during a previous attempt. This failure was cached in the local repository and resolution will not be reattempted until the update interval of maven-central has elapsed or updates are forced. Original error: Could not transfer metadata com.fasterxml.jackson.core:jackson-annotations:2.6.0-SNAPSHOT/maven-metadata.xml from/to maven-central (http://central.maven.org/maven2/): central.maven.org
2021-09-13 09:29:50,758 [Worker-11: Building] WARN  o.e.m.c.i.embedder.EclipseLogger - commons-codec:commons-codec/maven-metadata.xmlfailed to transfer from http://central.maven.org/maven2/ during a previous attempt. This failure was cached in the local repository and resolution will not be reattempted until the update interval of maven-central has elapsed or updates are forced. Original error: Could not transfer metadata commons-codec:commons-codec/maven-metadata.xml from/to maven-central (http://central.maven.org/maven2/): central.maven.org
2021-09-13 09:29:50,901 [Worker-11: Building] WARN  o.e.m.c.i.embedder.EclipseLogger - org.springframework:spring-context/maven-metadata.xmlfailed to transfer from http://central.maven.org/maven2/ during a previous attempt. This failure was cached in the local repository and resolution will not be reattempted until the update interval of maven-central has elapsed or updates are forced. Original error: Could not transfer metadata org.springframework:spring-context/maven-metadata.xml from/to maven-central (http://central.maven.org/maven2/): central.maven.org
2021-09-13 09:29:51,624 [Worker-11: Building] WARN  o.e.m.c.i.embedder.EclipseLogger - com.google.code.gson:gson/maven-metadata.xmlfailed to transfer from http://central.maven.org/maven2/ during a previous attempt. This failure was cached in the local repository and resolution will not be reattempted until the update interval of maven-central has elapsed or updates are forced. Original error: Could not transfer metadata com.google.code.gson:gson/maven-metadata.xml from/to maven-central (http://central.maven.org/maven2/): central.maven.org
2021-09-13 09:29:51,741 [Worker-11: Building] INFO  o.e.m.c.i.p.WorkspaceClassifierResolverManager - Resolving P/common: com.arioflow.core:arioflow-common:1.0.0-SNAPSHOT with classifier  to /common/target/classes
2021-09-13 09:29:52,457 [Worker-11: Building] INFO  o.e.m.c.i.l.LifecycleMappingFactory - Using org.eclipse.m2e.jdt.JarLifecycleMapping lifecycle mapping for MavenProject: io.arioflow:arioflow-gateway:0.0.1-SNAPSHOT @ C:\Projects\afe\workspace\arioflow-gateway\pom.xml.
2021-09-13 09:29:53,421 [Worker-11: Building] INFO  o.e.m.c.i.p.WorkspaceClassifierResolverManager - Resolving P/front-afm-dto: com.arioflow.common:arioflow-common-dto:0.0.2-SNAPSHOT with classifier  to /front-afm-dto/target/classes
2021-09-13 09:29:53,423 [Worker-11: Building] INFO  o.e.m.c.i.p.WorkspaceClassifierResolverManager - Resolving P/common: com.arioflow.core:arioflow-common:1.0.0-SNAPSHOT with classifier  to /common/target/classes
2021-09-13 09:29:55,945 [Worker-11: Building] INFO  o.e.m.c.i.embedder.EclipseLogger - Using 'UTF-8' encoding to copy filtered resources.
2021-09-13 09:29:55,949 [Worker-11: Building] INFO  o.e.m.c.i.embedder.EclipseLogger - Copying 2 resources
2021-09-13 09:29:55,956 [Worker-11: Building] INFO  o.e.m.c.i.embedder.EclipseLogger - Using 'UTF-8' encoding to copy filtered resources.
2021-09-13 09:29:55,956 [Worker-11: Building] INFO  o.e.m.c.i.embedder.EclipseLogger - skip non existing resourceDirectory C:\Projects\afe\workspace\front-afm-dto\src\test\resources
2021-09-13 09:29:59,817 [Worker-6: Building] INFO  o.e.m.c.i.p.WorkspaceClassifierResolverManager - Resolving P/front-afm-dto: com.arioflow.common:arioflow-common-dto:0.0.2-SNAPSHOT with classifier  to /front-afm-dto/target/classes
2021-09-13 09:29:59,818 [Worker-6: Building] INFO  o.e.m.c.i.p.WorkspaceClassifierResolverManager - Resolving P/common: com.arioflow.core:arioflow-common:1.0.0-SNAPSHOT with classifier  to /common/target/classes
2021-09-13 09:29:59,878 [Worker-6: Building] INFO  o.e.m.c.i.embedder.EclipseLogger - Using 'UTF-8' encoding to copy filtered resources.
2021-09-13 09:29:59,878 [Worker-6: Building] INFO  o.e.m.c.i.embedder.EclipseLogger - Using 'UTF-8' encoding to copy filtered properties files.
2021-09-13 09:29:59,884 [Worker-6: Building] INFO  o.e.m.c.i.embedder.EclipseLogger - Copying 1 resource
2021-09-13 09:29:59,893 [Worker-6: Building] INFO  o.e.m.c.i.embedder.EclipseLogger - Copying 2 resources
2021-09-13 09:30:00,003 [Worker-6: Building] INFO  o.e.m.c.i.embedder.EclipseLogger - Using 'UTF-8' encoding to copy filtered resources.
2021-09-13 09:30:00,003 [Worker-6: Building] INFO  o.e.m.c.i.embedder.EclipseLogger - Using 'UTF-8' encoding to copy filtered properties files.
2021-09-13 09:30:00,004 [Worker-6: Building] INFO  o.e.m.c.i.embedder.EclipseLogger - skip non existing resourceDirectory C:\Projects\afe\workspace\arioflow-gateway\src\test\resources
2021-09-13 09:30:02,110 [Worker-6: Building] WARN  o.e.m.c.i.embedder.EclipseLogger - com.fasterxml.jackson.core:jackson-annotations/maven-metadata.xmlfailed to transfer from http://central.maven.org/maven2/ during a previous attempt. This failure was cached in the local repository and resolution will not be reattempted until the update interval of maven-central has elapsed or updates are forced. Original error: Could not transfer metadata com.fasterxml.jackson.core:jackson-annotations/maven-metadata.xml from/to maven-central (http://central.maven.org/maven2/): central.maven.org
2021-09-13 09:30:02,162 [Worker-6: Building] WARN  o.e.m.c.i.embedder.EclipseLogger - com.fasterxml.jackson.core:jackson-annotations:2.6.0-rc3-SNAPSHOT/maven-metadata.xmlfailed to transfer from http://central.maven.org/maven2/ during a previous attempt. This failure was cached in the local repository and resolution will not be reattempted until the update interval of maven-central has elapsed or updates are forced. Original error: Could not transfer metadata com.fasterxml.jackson.core:jackson-annotations:2.6.0-rc3-SNAPSHOT/maven-metadata.xml from/to maven-central (http://central.maven.org/maven2/): central.maven.org
2021-09-13 09:30:02,166 [Worker-6: Building] WARN  o.e.m.c.i.embedder.EclipseLogger - com.fasterxml.jackson.core:jackson-annotations:2.6.0-rc3-SNAPSHOT/maven-metadata.xmlfailed to transfer from http://central.maven.org/maven2/ during a previous attempt. This failure was cached in the local repository and resolution will not be reattempted until the update interval of maven-central has elapsed or updates are forced. Original error: Could not transfer metadata com.fasterxml.jackson.core:jackson-annotations:2.6.0-rc3-SNAPSHOT/maven-metadata.xml from/to maven-central (http://central.maven.org/maven2/): central.maven.org
2021-09-13 09:30:02,188 [Worker-6: Building] WARN  o.e.m.c.i.embedder.EclipseLogger - com.fasterxml.jackson.core:jackson-annotations:2.6.0-SNAPSHOT/maven-metadata.xmlfailed to transfer from http://central.maven.org/maven2/ during a previous attempt. This failure was cached in the local repository and resolution will not be reattempted until the update interval of maven-central has elapsed or updates are forced. Original error: Could not transfer metadata com.fasterxml.jackson.core:jackson-annotations:2.6.0-SNAPSHOT/maven-metadata.xml from/to maven-central (http://central.maven.org/maven2/): central.maven.org
2021-09-13 09:30:02,195 [Worker-6: Building] WARN  o.e.m.c.i.embedder.EclipseLogger - com.fasterxml.jackson.core:jackson-annotations:2.6.0-SNAPSHOT/maven-metadata.xmlfailed to transfer from http://central.maven.org/maven2/ during a previous attempt. This failure was cached in the local repository and resolution will not be reattempted until the update interval of maven-central has elapsed or updates are forced. Original error: Could not transfer metadata com.fasterxml.jackson.core:jackson-annotations:2.6.0-SNAPSHOT/maven-metadata.xml from/to maven-central (http://central.maven.org/maven2/): central.maven.org
2021-09-13 09:30:03,033 [Worker-6: Building] WARN  o.e.m.c.i.embedder.EclipseLogger - commons-codec:commons-codec/maven-metadata.xmlfailed to transfer from http://central.maven.org/maven2/ during a previous attempt. This failure was cached in the local repository and resolution will not be reattempted until the update interval of maven-central has elapsed or updates are forced. Original error: Could not transfer metadata commons-codec:commons-codec/maven-metadata.xml from/to maven-central (http://central.maven.org/maven2/): central.maven.org
2021-09-13 09:30:03,169 [Worker-6: Building] WARN  o.e.m.c.i.embedder.EclipseLogger - org.springframework:spring-context/maven-metadata.xmlfailed to transfer from http://central.maven.org/maven2/ during a previous attempt. This failure was cached in the local repository and resolution will not be reattempted until the update interval of maven-central has elapsed or updates are forced. Original error: Could not transfer metadata org.springframework:spring-context/maven-metadata.xml from/to maven-central (http://central.maven.org/maven2/): central.maven.org
2021-09-13 09:30:04,139 [Worker-6: Building] WARN  o.e.m.c.i.embedder.EclipseLogger - com.google.code.gson:gson/maven-metadata.xmlfailed to transfer from http://central.maven.org/maven2/ during a previous attempt. This failure was cached in the local repository and resolution will not be reattempted until the update interval of maven-central has elapsed or updates are forced. Original error: Could not transfer metadata com.google.code.gson:gson/maven-metadata.xml from/to maven-central (http://central.maven.org/maven2/): central.maven.org
2021-09-13 09:30:04,327 [Worker-6: Building] INFO  o.e.m.c.i.p.WorkspaceClassifierResolverManager - Resolving P/common: com.arioflow.core:arioflow-common:1.0.0-SNAPSHOT with classifier  to /common/target/classes
2021-09-13 09:30:04,377 [Worker-6: Building] INFO  o.e.m.c.i.embedder.EclipseLogger - Using 'UTF-8' encoding to copy filtered resources.
2021-09-13 09:30:04,465 [Worker-6: Building] INFO  o.e.m.c.i.embedder.EclipseLogger - Copying 2 resources
2021-09-13 09:30:04,596 [Worker-6: Building] INFO  o.e.m.c.i.embedder.EclipseLogger - Using 'UTF-8' encoding to copy filtered resources.
2021-09-13 09:30:04,597 [Worker-6: Building] INFO  o.e.m.c.i.embedder.EclipseLogger - skip non existing resourceDirectory C:\Projects\afe\workspace\front-afm-dto\src\test\resources
2021-09-13 09:30:52,429 [Worker-11: Launching arioflow-gateway - ArioflowGatewayApplication] INFO  o.e.m.c.i.p.WorkspaceClassifierResolverManager - Resolving P/front-afm-dto: com.arioflow.common:arioflow-common-dto:0.0.2-SNAPSHOT with classifier null to /front-afm-dto/target/classes
2021-09-13 09:30:52,434 [Worker-11: Launching arioflow-gateway - ArioflowGatewayApplication] INFO  o.e.m.c.i.p.WorkspaceClassifierResolverManager - Resolving P/common: com.arioflow.core:arioflow-common:1.0.0-SNAPSHOT with classifier null to /common/target/classes
2021-09-13 09:30:53,961 [Worker-11: Launching arioflow-gateway - ArioflowGatewayApplication] INFO  o.e.m.c.i.p.WorkspaceClassifierResolverManager - Resolving P/front-afm-dto: com.arioflow.common:arioflow-common-dto:0.0.2-SNAPSHOT with classifier null to /front-afm-dto/target/classes
2021-09-13 09:30:53,966 [Worker-11: Launching arioflow-gateway - ArioflowGatewayApplication] INFO  o.e.m.c.i.p.WorkspaceClassifierResolverManager - Resolving P/common: com.arioflow.core:arioflow-common:1.0.0-SNAPSHOT with classifier null to /common/target/classes
2021-09-13 09:30:55,443 [Worker-11: Launching arioflow-gateway - ArioflowGatewayApplication] INFO  o.e.m.c.i.p.WorkspaceClassifierResolverManager - Resolving P/front-afm-dto: com.arioflow.common:arioflow-common-dto:0.0.2-SNAPSHOT with classifier null to /front-afm-dto/target/classes
2021-09-13 09:30:55,445 [Worker-11: Launching arioflow-gateway - ArioflowGatewayApplication] INFO  o.e.m.c.i.p.WorkspaceClassifierResolverManager - Resolving P/common: com.arioflow.core:arioflow-common:1.0.0-SNAPSHOT with classifier null to /common/target/classes
2021-09-13 09:31:32,519 [Worker-9: Building] INFO  o.e.m.c.i.embedder.EclipseLogger - Using 'UTF-8' encoding to copy filtered resources.
2021-09-13 09:31:32,520 [Worker-9: Building] INFO  o.e.m.c.i.embedder.EclipseLogger - Using 'UTF-8' encoding to copy filtered properties files.
2021-09-13 09:31:32,520 [Worker-9: Building] INFO  o.e.m.c.i.embedder.EclipseLogger - Copying 0 resource
2021-09-13 09:31:32,520 [Worker-9: Building] INFO  o.e.m.c.i.embedder.EclipseLogger - Copying 0 resource
2021-09-13 09:31:32,523 [Worker-9: Building] INFO  o.e.m.c.i.embedder.EclipseLogger - Using 'UTF-8' encoding to copy filtered resources.
2021-09-13 09:31:32,523 [Worker-9: Building] INFO  o.e.m.c.i.embedder.EclipseLogger - Using 'UTF-8' encoding to copy filtered properties files.
2021-09-13 09:31:32,523 [Worker-9: Building] INFO  o.e.m.c.i.embedder.EclipseLogger - skip non existing resourceDirectory C:\Projects\afe\workspace\arioflow-gateway\src\test\resources
2021-09-13 09:31:32,561 [Worker-9: Building] INFO  o.e.m.c.i.embedder.EclipseLogger - Using 'UTF-8' encoding to copy filtered resources.
2021-09-13 09:31:32,562 [Worker-9: Building] INFO  o.e.m.c.i.embedder.EclipseLogger - Copying 0 resource
2021-09-13 09:31:32,563 [Worker-9: Building] INFO  o.e.m.c.i.embedder.EclipseLogger - Using 'UTF-8' encoding to copy filtered resources.
2021-09-13 09:31:32,564 [Worker-9: Building] INFO  o.e.m.c.i.embedder.EclipseLogger - Copying 0 resource
2021-09-13 09:31:32,595 [Worker-9: Building] INFO  o.e.m.c.i.embedder.EclipseLogger - Using 'UTF-8' encoding to copy filtered resources.
2021-09-13 09:31:32,596 [Worker-9: Building] INFO  o.e.m.c.i.embedder.EclipseLogger - Copying 0 resource
2021-09-13 09:31:32,598 [Worker-9: Building] INFO  o.e.m.c.i.embedder.EclipseLogger - Using 'UTF-8' encoding to copy filtered resources.
2021-09-13 09:31:32,599 [Worker-9: Building] INFO  o.e.m.c.i.embedder.EclipseLogger - skip non existing resourceDirectory C:\Projects\afe\workspace\front-afm-dto\src\test\resources
